生成启动时间为 2014/10/19 22:27:32。
     1>项目“E:\RockSky\cocos2dx\proj.win32\cocos2d.vcxproj”在节点 2 上(Build 个目标)。
     1>ClCompile:
         E:\Microsoft Visual Studio 12.0\VC\bin\CL.exe /c /I"C:\Program Files (x86)\Microsoft SDKs\Windows\v7.1A\include" /IE:\RockSky\cocos2dx\proj.win32\.. /IE:\RockSky\cocos2dx\proj.win32\..\platform\win32 /IE:\RockSky\cocos2dx\proj.win32\..\platform\third_party\win32\iconv /IE:\RockSky\cocos2dx\proj.win32\..\platform\third_party\win32\zlib /IE:\RockSky\cocos2dx\proj.win32\..\platform\third_party\win32\libpng /IE:\RockSky\cocos2dx\proj.win32\..\platform\third_party\win32\libjpeg /IE:\RockSky\cocos2dx\proj.win32\..\platform\third_party\win32\libtiff /IE:\RockSky\cocos2dx\proj.win32\..\platform\third_party\win32\libwebp /IE:\RockSky\cocos2dx\proj.win32\..\platform\third_party\win32\pthread /IE:\RockSky\cocos2dx\proj.win32\..\platform\third_party\win32\OGLES /I..\include /IE:\RockSky\cocos2dx\proj.win32\..\kazmath\include /ZI /nologo /W3 /WX- /Od /Oy- /D WIN32 /D _DEBUG /D _WINDOWS /D _USRDLL /D COCOS2DXWIN32_EXPORTS /D GL_GLEXT_PROTOTYPES /D COCOS2D_DEBUG=1 /D _CRT_SECURE_NO_WARNINGS /D _SCL_SECURE_NO_WARNINGS /D _USING_V110_SDK71_ /D _WINDLL /D _UNICODE /D UNICODE /Gm /EHsc /RTC1 /MDd /GS /fp:precise /Zc:wchar_t /Zc:forScope /Yc"pch.h" /Fp"Debug.win32\libcocos2d.pch" /Fo"Debug.win32\\" /Fd"Debug.win32\vc120.pdb" /FR"Debug.win32\\" /Gd /TP /wd4267 /wd4251 /wd4244 /FIpch.h /analyze- /errorReport:prompt pch.cpp
         pch.cpp
         E:\Microsoft Visual Studio 12.0\VC\bin\CL.exe /c /I"C:\Program Files (x86)\Microsoft SDKs\Windows\v7.1A\include" /IE:\RockSky\cocos2dx\proj.win32\.. /IE:\RockSky\cocos2dx\proj.win32\..\platform\win32 /IE:\RockSky\cocos2dx\proj.win32\..\platform\third_party\win32\iconv /IE:\RockSky\cocos2dx\proj.win32\..\platform\third_party\win32\zlib /IE:\RockSky\cocos2dx\proj.win32\..\platform\third_party\win32\libpng /IE:\RockSky\cocos2dx\proj.win32\..\platform\third_party\win32\libjpeg /IE:\RockSky\cocos2dx\proj.win32\..\platform\third_party\win32\libtiff /IE:\RockSky\cocos2dx\proj.win32\..\platform\third_party\win32\libwebp /IE:\RockSky\cocos2dx\proj.win32\..\platform\third_party\win32\pthread /IE:\RockSky\cocos2dx\proj.win32\..\platform\third_party\win32\OGLES /I..\include /IE:\RockSky\cocos2dx\proj.win32\..\kazmath\include /ZI /nologo /W3 /WX- /Od /Oy- /D WIN32 /D _DEBUG /D _WINDOWS /D _USRDLL /D COCOS2DXWIN32_EXPORTS /D GL_GLEXT_PROTOTYPES /D COCOS2D_DEBUG=1 /D _CRT_SECURE_NO_WARNINGS /D _SCL_SECURE_NO_WARNINGS /D _USING_V110_SDK71_ /D _WINDLL /D _UNICODE /D UNICODE /Gm /EHsc /RTC1 /MDd /GS /fp:precise /Zc:wchar_t /Zc:forScope /Yu"pch.h" /Fp"Debug.win32\libcocos2d.pch" /Fo"Debug.win32\\" /Fd"Debug.win32\vc120.pdb" /FR"Debug.win32\\" /Gd /TP /wd4267 /wd4251 /wd4244 /FIpch.h /analyze- /errorReport:prompt ..\base_nodes\CCAtlasNode.cpp ..\base_nodes\CCNode.cpp ..\cocoa\CCAffineTransform.cpp ..\cocoa\CCArray.cpp ..\cocoa\CCAutoreleasePool.cpp ..\cocoa\CCDataVisitor.cpp ..\cocoa\CCDictionary.cpp ..\cocoa\CCGeometry.cpp ..\cocoa\CCNS.cpp ..\cocoa\CCObject.cpp ..\cocoa\CCSet.cpp ..\cocoa\CCString.cpp ..\cocoa\CCZone.cpp ..\draw_nodes\CCDrawingPrimitives.cpp ..\draw_nodes\CCDrawNode.cpp ..\effects\CCGrabber.cpp ..\effects\CCGrid.cpp ..\actions\CCAction.cpp ..\actions\CCActionCamera.cpp ..\actions\CCActionCatmullRom.cpp ..\actions\CCActionEase.cpp ..\actions\CCActionGrid.cpp ..\actions\CCActionGrid3D.cpp ..\actions\CCActionInstant.cpp ..\actions\CCActionInterval.cpp ..\actions\CCActionManager.cpp ..\actions\CCActionPageTurn3D.cpp ..\actions\CCActionProgressTimer.cpp ..\actions\CCActionTiledGrid.cpp ..\actions\CCActionTween.cpp ..\label_nodes\CCLabelAtlas.cpp ..\label_nodes\CCLabelBMFont.cpp ..\label_nodes\CCLabelTTF.cpp ..\layers_scenes_transitions_nodes\CCLayer.cpp ..\layers_scenes_transitions_nodes\CCScene.cpp ..\layers_scenes_transitions_nodes\CCTransition.cpp ..\layers_scenes_transitions_nodes\CCTransitionPageTurn.cpp ..\layers_scenes_transitions_nodes\CCTransitionProgress.cpp ..\menu_nodes\CCMenu.cpp ..\menu_nodes\CCMenuItem.cpp ..\misc_nodes\CCClippingNode.cpp ..\misc_nodes\CCMotionStreak.cpp ..\misc_nodes\CCProgressTimer.cpp ..\misc_nodes\CCRenderTexture.cpp ..\particle_nodes\CCParticleBatchNode.cpp ..\particle_nodes\CCParticleExamples.cpp ..\particle_nodes\CCParticleSystem.cpp ..\particle_nodes\CCParticleSystemQuad.cpp ..\platform\CCEGLViewProtocol.cpp ..\platform\CCFileUtils.cpp ..\platform\CCImageCommonWebp.cpp ..\platform\CCSAXParser.cpp ..\platform\CCThread.cpp ..\platform\platform.cpp ..\platform\win32\CCAccelerometer.cpp ..\platform\win32\CCApplication.cpp ..\platform\win32\CCCommon.cpp ..\platform\win32\CCDevice.cpp ..\platform\win32\CCEGLView.cpp ..\platform\win32\CCFileUtilsWin32.cpp ..\platform\win32\CCImage.cpp ..\platform\win32\CCStdC.cpp ..\shaders\CCGLProgram.cpp ..\shaders\ccGLStateCache.cpp ..\shaders\CCShaderCache.cpp ..\shaders\ccShaders.cpp ..\sprite_nodes\CCAnimation.cpp ..\sprite_nodes\CCAnimationCache.cpp ..\sprite_nodes\CCSprite.cpp ..\sprite_nodes\CCSpriteBatchNode.cpp ..\sprite_nodes\CCSpriteFrame.cpp ..\sprite_nodes\CCSpriteFrameCache.cpp ..\support\base64.cpp ..\support\CCNotificationCenter.cpp ..\support\CCPointExtension.cpp ..\support\CCProfiling.cpp ..\support\ccUTF8.cpp ..\support\ccUtils.cpp ..\support\CCVertex.cpp ..\support\component\CCComponent.cpp ..\support\component\CCComponentContainer.cpp ..\support\tinyxml2\tinyxml2.cpp ..\support\TransformUtils.cpp ..\support\data_support\ccCArray.cpp ..\support\image_support\TGAlib.cpp ..\support\user_default\CCUserDefault.cpp ..\support\zip_support\ioapi.cpp ..\support\zip_support\unzip.cpp ..\support\zip_support\ZipUtils.cpp ..\textures\CCTexture2D.cpp ..\textures\CCTextureAtlas.cpp ..\textures\CCTextureCache.cpp ..\textures\CCTextureETC.cpp ..\textures\CCTexturePVR.cpp ..\tileMap_parallax_nodes\CCParallaxNode.cpp ..\tileMap_parallax_nodes\CCTileMapAtlas.cpp ..\tileMap_parallax_nodes\CCTMXLayer.cpp ..\tileMap_parallax_nodes\CCTMXObjectGroup.cpp ..\tileMap_parallax_nodes\CCTMXTiledMap.cpp ..\tileMap_parallax_nodes\CCTMXXMLParser.cpp ..\touch_dispatcher\CCTouch.cpp ..\touch_dispatcher\CCTouchDispatcher.cpp ..\touch_dispatcher\CCTouchHandler.cpp ..\keypad_dispatcher\CCKeypadDelegate.cpp ..\keypad_dispatcher\CCKeypadDispatcher.cpp ..\text_input_node\CCIMEDispatcher.cpp ..\text_input_node\CCTextFieldTTF.cpp ..\script_support\CCScriptSupport.cpp ..\CCCamera.cpp ..\CCConfiguration.cpp ..\CCDirector.cpp ..\CCScheduler.cpp ..\cocos2d.cpp
         cocos2d.cpp
         CCScheduler.cpp
         CCDirector.cpp
         CCConfiguration.cpp
         CCCamera.cpp
         CCScriptSupport.cpp
         CCTextFieldTTF.cpp
         CCIMEDispatcher.cpp
         CCKeypadDispatcher.cpp
         CCKeypadDelegate.cpp
         CCTouchHandler.cpp
         CCTouchDispatcher.cpp
         CCTouch.cpp
         CCTMXXMLParser.cpp
         CCTMXTiledMap.cpp
         CCTMXObjectGroup.cpp
         CCTMXLayer.cpp
         CCTileMapAtlas.cpp
         CCParallaxNode.cpp
         CCTexturePVR.cpp
         正在生成代码...
         正在编译...
         CCTextureETC.cpp
         CCTextureCache.cpp
         CCTextureAtlas.cpp
         CCTexture2D.cpp
         ZipUtils.cpp
         unzip.cpp
         ioapi.cpp
         CCUserDefault.cpp
         TGAlib.cpp
         ccCArray.cpp
         TransformUtils.cpp
         tinyxml2.cpp
         CCComponentContainer.cpp
         CCComponent.cpp
         CCVertex.cpp
         ccUtils.cpp
         ccUTF8.cpp
         CCProfiling.cpp
         CCPointExtension.cpp
         CCNotificationCenter.cpp
         正在生成代码...
         正在编译...
         base64.cpp
         CCSpriteFrameCache.cpp
         CCSpriteFrame.cpp
         CCSpriteBatchNode.cpp
         CCSprite.cpp
         CCAnimationCache.cpp
         CCAnimation.cpp
         ccShaders.cpp
         CCShaderCache.cpp
         ccGLStateCache.cpp
         CCGLProgram.cpp
         CCStdC.cpp
         CCImage.cpp
         CCFileUtilsWin32.cpp
         CCEGLView.cpp
         CCDevice.cpp
         CCCommon.cpp
         CCApplication.cpp
         CCAccelerometer.cpp
         platform.cpp
         正在生成代码...
         正在编译...
         CCThread.cpp
         CCSAXParser.cpp
         CCImageCommonWebp.cpp
         CCFileUtils.cpp
         CCEGLViewProtocol.cpp
         CCParticleSystemQuad.cpp
         CCParticleSystem.cpp
         CCParticleExamples.cpp
         CCParticleBatchNode.cpp
         CCRenderTexture.cpp
         CCProgressTimer.cpp
         CCMotionStreak.cpp
         CCClippingNode.cpp
         CCMenuItem.cpp
         CCMenu.cpp
         CCTransitionProgress.cpp
         CCTransitionPageTurn.cpp
         CCTransition.cpp
         CCScene.cpp
         CCLayer.cpp
         正在生成代码...
         正在编译...
         CCLabelTTF.cpp
         CCLabelBMFont.cpp
         CCLabelAtlas.cpp
         CCActionTween.cpp
         CCActionTiledGrid.cpp
         CCActionProgressTimer.cpp
         CCActionPageTurn3D.cpp
         CCActionManager.cpp
         CCActionInterval.cpp
         CCActionInstant.cpp
         CCActionGrid3D.cpp
         CCActionGrid.cpp
         CCActionEase.cpp
         CCActionCatmullRom.cpp
         CCActionCamera.cpp
         CCAction.cpp
         CCGrid.cpp
         CCGrabber.cpp
         CCDrawNode.cpp
         CCDrawingPrimitives.cpp
         正在生成代码...
         正在编译...
         CCZone.cpp
         CCString.cpp
         CCSet.cpp
         CCObject.cpp
         CCNS.cpp
         CCGeometry.cpp
         CCDictionary.cpp
         CCDataVisitor.cpp
         CCAutoreleasePool.cpp
         CCArray.cpp
         CCAffineTransform.cpp
         CCNode.cpp
         CCAtlasNode.cpp
         正在生成代码...
         E:\Microsoft Visual Studio 12.0\VC\bin\CL.exe /c /I"C:\Program Files (x86)\Microsoft SDKs\Windows\v7.1A\include" /IE:\RockSky\cocos2dx\proj.win32\.. /IE:\RockSky\cocos2dx\proj.win32\..\platform\win32 /IE:\RockSky\cocos2dx\proj.win32\..\platform\third_party\win32\iconv /IE:\RockSky\cocos2dx\proj.win32\..\platform\third_party\win32\zlib /IE:\RockSky\cocos2dx\proj.win32\..\platform\third_party\win32\libpng /IE:\RockSky\cocos2dx\proj.win32\..\platform\third_party\win32\libjpeg /IE:\RockSky\cocos2dx\proj.win32\..\platform\third_party\win32\libtiff /IE:\RockSky\cocos2dx\proj.win32\..\platform\third_party\win32\libwebp /IE:\RockSky\cocos2dx\proj.win32\..\platform\third_party\win32\pthread /IE:\RockSky\cocos2dx\proj.win32\..\platform\third_party\win32\OGLES /I..\include /IE:\RockSky\cocos2dx\proj.win32\..\kazmath\include /ZI /nologo /W3 /WX- /Od /Oy- /D WIN32 /D _DEBUG /D _WINDOWS /D _USRDLL /D COCOS2DXWIN32_EXPORTS /D GL_GLEXT_PROTOTYPES /D COCOS2D_DEBUG=1 /D _CRT_SECURE_NO_WARNINGS /D _SCL_SECURE_NO_WARNINGS /D _USING_V110_SDK71_ /D _WINDLL /D _UNICODE /D UNICODE /Gm /EHsc /RTC1 /MDd /GS /fp:precise /Zc:wchar_t /Zc:forScope /Fo"Debug.win32\\" /Fd"Debug.win32\vc120.pdb" /FR"Debug.win32\\" /Gd /TC /wd4267 /wd4251 /wd4244 /analyze- /errorReport:prompt ..\ccFPSImages.c ..\kazmath\src\aabb.c ..\kazmath\src\mat3.c ..\kazmath\src\mat4.c ..\kazmath\src\neon_matrix_impl.c ..\kazmath\src\plane.c ..\kazmath\src\quaternion.c ..\kazmath\src\ray2.c ..\kazmath\src\utility.c ..\kazmath\src\vec2.c ..\kazmath\src\vec3.c ..\kazmath\src\vec4.c ..\kazmath\src\GL\mat4stack.c ..\kazmath\src\GL\matrix.c
         matrix.c
         mat4stack.c
         vec4.c
         vec3.c
         vec2.c
         utility.c
         ray2.c
         quaternion.c
         plane.c
     1>e:\rocksky\cocos2dx\kazmath\src\plane.c : warning C4819: 该文件包含不能在当前代码页(936)中表示的字符。请将该文件保存为 Unicode 格式以防止数据丢失
         neon_matrix_impl.c
         mat4.c
         mat3.c
         aabb.c
         ccFPSImages.c
         正在生成代码...
       PreLinkEvent:
         if not exist "E:\RockSky\projects\RockSky\proj.win32\Debug.win32\" mkdir "E:\RockSky\projects\RockSky\proj.win32\Debug.win32\"
         xcopy /Y /Q "E:\RockSky\cocos2dx\proj.win32\..\platform\third_party\win32\libraries\*.*" "E:\RockSky\projects\RockSky\proj.win32\Debug.win32\"
         
         :VCEnd
         复制了 15 个文件
       Link:
         E:\Microsoft Visual Studio 12.0\VC\bin\link.exe /ERRORREPORT:PROMPT /OUT:"E:\RockSky\projects\RockSky\proj.win32\Debug.win32\libcocos2d.dll" /INCREMENTAL:NO /NOLOGO /LIBPATH:E:\RockSky\projects\RockSky\proj.win32\Debug.win32\ opengl32.lib glew32.lib libzlib.lib libpng.lib libjpeg.lib libtiff.lib libwebp.lib libiconv.lib pthreadVCE2.lib kernel32.lib user32.lib gdi32.lib winspool.lib comdlg32.lib advapi32.lib shell32.lib ole32.lib oleaut32.lib uuid.lib odbc32.lib odbccp32.lib /MANIFEST /MANIFESTUAC:"level='asInvoker' uiAccess='false'" /manifest:embed /DEBUG /PDB:"E:\RockSky\projects\RockSky\proj.win32\Debug.win32\libcocos2d.pdb" /SUBSYSTEM:WINDOWS,"5.01" /TLBID:1 /DYNAMICBASE /NXCOMPAT /IMPLIB:"E:\RockSky\projects\RockSky\proj.win32\Debug.win32\libcocos2d.lib" /MACHINE:X86 /SAFESEH /DLL Debug.win32\CCAtlasNode.obj
         Debug.win32\CCNode.obj
         Debug.win32\ccFPSImages.obj
         Debug.win32\CCAffineTransform.obj
         Debug.win32\CCArray.obj
         Debug.win32\CCAutoreleasePool.obj
         Debug.win32\CCDataVisitor.obj
         Debug.win32\CCDictionary.obj
         Debug.win32\CCGeometry.obj
         Debug.win32\CCNS.obj
         Debug.win32\CCObject.obj
         Debug.win32\CCSet.obj
         Debug.win32\CCString.obj
         Debug.win32\CCZone.obj
         Debug.win32\CCDrawingPrimitives.obj
         Debug.win32\CCDrawNode.obj
         Debug.win32\CCGrabber.obj
         Debug.win32\CCGrid.obj
         Debug.win32\CCAction.obj
         Debug.win32\CCActionCamera.obj
         Debug.win32\CCActionCatmullRom.obj
         Debug.win32\CCActionEase.obj
         Debug.win32\CCActionGrid.obj
         Debug.win32\CCActionGrid3D.obj
         Debug.win32\CCActionInstant.obj
         Debug.win32\CCActionInterval.obj
         Debug.win32\CCActionManager.obj
         Debug.win32\CCActionPageTurn3D.obj
         Debug.win32\CCActionProgressTimer.obj
         Debug.win32\CCActionTiledGrid.obj
         Debug.win32\CCActionTween.obj
         Debug.win32\CCLabelAtlas.obj
         Debug.win32\CCLabelBMFont.obj
         Debug.win32\CCLabelTTF.obj
         Debug.win32\CCLayer.obj
         Debug.win32\CCScene.obj
         Debug.win32\CCTransition.obj
         Debug.win32\CCTransitionPageTurn.obj
         Debug.win32\CCTransitionProgress.obj
         Debug.win32\CCMenu.obj
         Debug.win32\CCMenuItem.obj
         Debug.win32\CCClippingNode.obj
         Debug.win32\CCMotionStreak.obj
         Debug.win32\CCProgressTimer.obj
         Debug.win32\CCRenderTexture.obj
         Debug.win32\CCParticleBatchNode.obj
         Debug.win32\CCParticleExamples.obj
         Debug.win32\CCParticleSystem.obj
         Debug.win32\CCParticleSystemQuad.obj
         Debug.win32\CCEGLViewProtocol.obj
         Debug.win32\CCFileUtils.obj
         Debug.win32\CCImageCommonWebp.obj
         Debug.win32\CCSAXParser.obj
         Debug.win32\CCThread.obj
         Debug.win32\platform.obj
         Debug.win32\CCAccelerometer.obj
         Debug.win32\CCApplication.obj
         Debug.win32\CCCommon.obj
         Debug.win32\CCDevice.obj
         Debug.win32\CCEGLView.obj
         Debug.win32\CCFileUtilsWin32.obj
         Debug.win32\CCImage.obj
         Debug.win32\CCStdC.obj
         Debug.win32\CCGLProgram.obj
         Debug.win32\ccGLStateCache.obj
         Debug.win32\CCShaderCache.obj
         Debug.win32\ccShaders.obj
         Debug.win32\CCAnimation.obj
         Debug.win32\CCAnimationCache.obj
         Debug.win32\CCSprite.obj
         Debug.win32\CCSpriteBatchNode.obj
         Debug.win32\CCSpriteFrame.obj
         Debug.win32\CCSpriteFrameCache.obj
         Debug.win32\base64.obj
         Debug.win32\CCNotificationCenter.obj
         Debug.win32\CCPointExtension.obj
         Debug.win32\CCProfiling.obj
         Debug.win32\ccUTF8.obj
         Debug.win32\ccUtils.obj
         Debug.win32\CCVertex.obj
         Debug.win32\CCComponent.obj
         Debug.win32\CCComponentContainer.obj
         Debug.win32\tinyxml2.obj
         Debug.win32\TransformUtils.obj
         Debug.win32\ccCArray.obj
         Debug.win32\TGAlib.obj
         Debug.win32\CCUserDefault.obj
         Debug.win32\ioapi.obj
         Debug.win32\unzip.obj
         Debug.win32\ZipUtils.obj
         Debug.win32\CCTexture2D.obj
         Debug.win32\CCTextureAtlas.obj
         Debug.win32\CCTextureCache.obj
         Debug.win32\CCTextureETC.obj
         Debug.win32\CCTexturePVR.obj
         Debug.win32\CCParallaxNode.obj
         Debug.win32\CCTileMapAtlas.obj
         Debug.win32\CCTMXLayer.obj
         Debug.win32\CCTMXObjectGroup.obj
         Debug.win32\CCTMXTiledMap.obj
         Debug.win32\CCTMXXMLParser.obj
         Debug.win32\CCTouch.obj
         Debug.win32\CCTouchDispatcher.obj
         Debug.win32\CCTouchHandler.obj
         Debug.win32\CCKeypadDelegate.obj
         Debug.win32\CCKeypadDispatcher.obj
         Debug.win32\CCIMEDispatcher.obj
         Debug.win32\CCTextFieldTTF.obj
         Debug.win32\CCScriptSupport.obj
         Debug.win32\aabb.obj
         Debug.win32\mat3.obj
         Debug.win32\mat4.obj
         Debug.win32\neon_matrix_impl.obj
         Debug.win32\plane.obj
         Debug.win32\quaternion.obj
         Debug.win32\ray2.obj
         Debug.win32\utility.obj
         Debug.win32\vec2.obj
         Debug.win32\vec3.obj
         Debug.win32\vec4.obj
         Debug.win32\mat4stack.obj
         Debug.win32\matrix.obj
         Debug.win32\CCCamera.obj
         Debug.win32\CCConfiguration.obj
         Debug.win32\CCDirector.obj
         Debug.win32\CCScheduler.obj
         Debug.win32\cocos2d.obj
         Debug.win32\pch.obj
     1>CCAtlasNode.obj : warning LNK4075: 忽略“/EDITANDCONTINUE”(由于“/OPT:LBR”规范)
            正在创建库 E:\RockSky\projects\RockSky\proj.win32\Debug.win32\libcocos2d.lib 和对象 E:\RockSky\projects\RockSky\proj.win32\Debug.win32\libcocos2d.exp
     1>LINK : warning LNK4098: 默认库“LIBCMT”与其他库的使用冲突；请使用 /NODEFAULTLIB:library
         cocos2d.vcxproj -> E:\RockSky\projects\RockSky\proj.win32\Debug.win32\libcocos2d.dll
       BscMake:
         E:\Microsoft Visual Studio 12.0\VC\bin\bscmake.exe /nologo /o"E:\RockSky\projects\RockSky\proj.win32\Debug.win32\libcocos2d.bsc" /n Debug.win32\CCAtlasNode.sbr Debug.win32\CCNode.sbr Debug.win32\ccFPSImages.sbr Debug.win32\CCAffineTransform.sbr Debug.win32\CCArray.sbr Debug.win32\CCAutoreleasePool.sbr Debug.win32\CCDataVisitor.sbr Debug.win32\CCDictionary.sbr Debug.win32\CCGeometry.sbr Debug.win32\CCNS.sbr Debug.win32\CCObject.sbr Debug.win32\CCSet.sbr Debug.win32\CCString.sbr Debug.win32\CCZone.sbr Debug.win32\CCDrawingPrimitives.sbr Debug.win32\CCDrawNode.sbr Debug.win32\CCGrabber.sbr Debug.win32\CCGrid.sbr Debug.win32\CCAction.sbr Debug.win32\CCActionCamera.sbr Debug.win32\CCActionCatmullRom.sbr Debug.win32\CCActionEase.sbr Debug.win32\CCActionGrid.sbr Debug.win32\CCActionGrid3D.sbr Debug.win32\CCActionInstant.sbr Debug.win32\CCActionInterval.sbr Debug.win32\CCActionManager.sbr Debug.win32\CCActionPageTurn3D.sbr Debug.win32\CCActionProgressTimer.sbr Debug.win32\CCActionTiledGrid.sbr Debug.win32\CCActionTween.sbr Debug.win32\CCLabelAtlas.sbr Debug.win32\CCLabelBMFont.sbr Debug.win32\CCLabelTTF.sbr Debug.win32\CCLayer.sbr Debug.win32\CCScene.sbr Debug.win32\CCTransition.sbr Debug.win32\CCTransitionPageTurn.sbr Debug.win32\CCTransitionProgress.sbr Debug.win32\CCMenu.sbr Debug.win32\CCMenuItem.sbr Debug.win32\CCClippingNode.sbr Debug.win32\CCMotionStreak.sbr Debug.win32\CCProgressTimer.sbr Debug.win32\CCRenderTexture.sbr Debug.win32\CCParticleBatchNode.sbr Debug.win32\CCParticleExamples.sbr Debug.win32\CCParticleSystem.sbr Debug.win32\CCParticleSystemQuad.sbr Debug.win32\CCEGLViewProtocol.sbr Debug.win32\CCFileUtils.sbr Debug.win32\CCImageCommonWebp.sbr Debug.win32\CCSAXParser.sbr Debug.win32\CCThread.sbr Debug.win32\platform.sbr Debug.win32\CCAccelerometer.sbr Debug.win32\CCApplication.sbr Debug.win32\CCCommon.sbr Debug.win32\CCDevice.sbr Debug.win32\CCEGLView.sbr Debug.win32\CCFileUtilsWin32.sbr Debug.win32\CCImage.sbr Debug.win32\CCStdC.sbr Debug.win32\CCGLProgram.sbr Debug.win32\ccGLStateCache.sbr Debug.win32\CCShaderCache.sbr Debug.win32\ccShaders.sbr Debug.win32\CCAnimation.sbr Debug.win32\CCAnimationCache.sbr Debug.win32\CCSprite.sbr Debug.win32\CCSpriteBatchNode.sbr Debug.win32\CCSpriteFrame.sbr Debug.win32\CCSpriteFrameCache.sbr Debug.win32\base64.sbr Debug.win32\CCNotificationCenter.sbr Debug.win32\CCPointExtension.sbr Debug.win32\CCProfiling.sbr Debug.win32\ccUTF8.sbr Debug.win32\ccUtils.sbr Debug.win32\CCVertex.sbr Debug.win32\CCComponent.sbr Debug.win32\CCComponentContainer.sbr Debug.win32\tinyxml2.sbr Debug.win32\TransformUtils.sbr Debug.win32\ccCArray.sbr Debug.win32\TGAlib.sbr Debug.win32\CCUserDefault.sbr Debug.win32\ioapi.sbr Debug.win32\unzip.sbr Debug.win32\ZipUtils.sbr Debug.win32\CCTexture2D.sbr Debug.win32\CCTextureAtlas.sbr Debug.win32\CCTextureCache.sbr Debug.win32\CCTextureETC.sbr Debug.win32\CCTexturePVR.sbr Debug.win32\CCParallaxNode.sbr Debug.win32\CCTileMapAtlas.sbr Debug.win32\CCTMXLayer.sbr Debug.win32\CCTMXObjectGroup.sbr Debug.win32\CCTMXTiledMap.sbr Debug.win32\CCTMXXMLParser.sbr Debug.win32\CCTouch.sbr Debug.win32\CCTouchDispatcher.sbr Debug.win32\CCTouchHandler.sbr Debug.win32\CCKeypadDelegate.sbr Debug.win32\CCKeypadDispatcher.sbr Debug.win32\CCIMEDispatcher.sbr Debug.win32\CCTextFieldTTF.sbr Debug.win32\CCScriptSupport.sbr Debug.win32\aabb.sbr Debug.win32\mat3.sbr Debug.win32\mat4.sbr Debug.win32\neon_matrix_impl.sbr Debug.win32\plane.sbr Debug.win32\quaternion.sbr Debug.win32\ray2.sbr Debug.win32\utility.sbr Debug.win32\vec2.sbr Debug.win32\vec3.sbr Debug.win32\vec4.sbr Debug.win32\mat4stack.sbr Debug.win32\matrix.sbr Debug.win32\CCCamera.sbr Debug.win32\CCConfiguration.sbr Debug.win32\CCDirector.sbr Debug.win32\CCScheduler.sbr Debug.win32\cocos2d.sbr Debug.win32\pch.sbr
     1>已完成生成项目“E:\RockSky\cocos2dx\proj.win32\cocos2d.vcxproj”(Build 个目标)的操作。

生成成功。

已用时间 00:00:17.21
