生成启动时间为 2014/10/19 22:28:18。
     1>项目“E:\RockSky\projects\RockSky\proj.win32\HelloCpp.vcxproj”在节点 4 上(Build 个目标)。
     1>C:\Program Files (x86)\MSBuild\Microsoft.Cpp\v4.0\V120\Microsoft.CppBuild.targets(381,5): warning MSB8028: The intermediate directory (Debug.win32\) contains files shared from another project (HelloCpp.vcxproj).  This can lead to incorrect clean and rebuild behavior.
     1>ClCompile:
         E:\Microsoft Visual Studio 12.0\VC\bin\CL.exe /c /IE:\RockSky\projects\RockSky\proj.win32\..\..\..\cocos2dx /IE:\RockSky\projects\RockSky\proj.win32\..\..\..\cocos2dx\include /IE:\RockSky\projects\RockSky\proj.win32\..\..\..\cocos2dx\kazmath\include /IE:\RockSky\projects\RockSky\proj.win32\..\..\..\cocos2dx\platform\win32 /IE:\RockSky\projects\RockSky\proj.win32\..\..\..\cocos2dx\platform\third_party\win32 /IE:\RockSky\projects\RockSky\proj.win32\..\..\..\cocos2dx\platform\third_party\win32\OGLES /IE:\RockSky\projects\RockSky\proj.win32\..\..\..\external /IE:\RockSky\projects\RockSky\proj.win32\..\..\..\external\chipmunk\include\chipmunk /IE:\RockSky\projects\RockSky\proj.win32\..\..\..\CocosDenshion\include /IE:\RockSky\projects\RockSky\proj.win32\..\..\..\extensions /I..\Classes /I.. /ZI /nologo /W3 /WX- /Od /Oy- /D WIN32 /D _DEBUG /D _WINDOWS /D _USE_MATH_DEFINES /D GL_GLEXT_PROTOTYPES /D CC_ENABLE_CHIPMUNK_INTEGRATION=1 /D COCOS2D_DEBUG=1 /D _CRT_SECURE_NO_WARNINGS /D _SCL_SECURE_NO_WARNINGS /D _USING_V110_SDK71_ /D _UNICODE /D UNICODE /Gm /EHsc /RTC1 /MDd /GS /fp:precise /Zc:wchar_t /Zc:forScope /Fo"Debug.win32\\" /Fd"Debug.win32\vc120.pdb" /FR"Debug.win32\\" /Gd /TP /wd4267 /wd4251 /wd4244 /analyze- /errorReport:prompt ..\Classes\AppDelegate.cpp ..\Classes\HelloWorldScene.cpp main.cpp
         main.cpp
         HelloWorldScene.cpp
         AppDelegate.cpp
         正在生成代码...
       PreLinkEvent:
         if not exist "E:\RockSky\projects\RockSky\proj.win32\Debug.win32\" mkdir "E:\RockSky\projects\RockSky\proj.win32\Debug.win32\"
         xcopy /Y /Q "E:\RockSky\projects\RockSky\proj.win32\..\..\..\external\libwebsockets\win32\lib\*.*" "E:\RockSky\projects\RockSky\proj.win32\Debug.win32\"
         :VCEnd
         复制了 2 个文件
       Link:
         E:\Microsoft Visual Studio 12.0\VC\bin\link.exe /ERRORREPORT:PROMPT /OUT:"E:\RockSky\projects\RockSky\proj.win32\Debug.win32\RockSkyGame.exe" /INCREMENTAL /NOLOGO /LIBPATH:E:\RockSky\projects\RockSky\proj.win32\Debug.win32\ libExtensions.lib libcocos2d.lib libCocosDenshion.lib opengl32.lib glew32.lib libBox2d.lib libchipmunk.lib libcurl_imp.lib pthreadVCE2.lib websockets.lib kernel32.lib user32.lib gdi32.lib winspool.lib comdlg32.lib advapi32.lib shell32.lib ole32.lib oleaut32.lib uuid.lib odbc32.lib odbccp32.lib /MANIFEST /MANIFESTUAC:"level='asInvoker' uiAccess='false'" /manifest:embed /DEBUG /PDB:"E:\RockSky\projects\RockSky\proj.win32\Debug.win32\RockSkyGame.pdb" /SUBSYSTEM:WINDOWS,"5.01" /TLBID:1 /DYNAMICBASE /NXCOMPAT /IMPLIB:"E:\RockSky\projects\RockSky\proj.win32\Debug.win32\RockSkyGame.lib" /MACHINE:X86 /SAFESEH Debug.win32\AppDelegate.obj
         Debug.win32\HelloWorldScene.obj
         Debug.win32\main.obj
         E:\RockSky\projects\RockSky\proj.win32\Debug.win32\libcocos2d.lib
         E:\RockSky\projects\RockSky\proj.win32\Debug.win32\libCocosDenshion.lib
         E:\RockSky\projects\RockSky\proj.win32\Debug.win32\libExtensions.lib
         E:\RockSky\projects\RockSky\proj.win32\Debug.win32\libBox2D.lib
         E:\RockSky\projects\RockSky\proj.win32\Debug.win32\libchipmunk.lib
     1>AppDelegate.obj : warning LNK4075: 忽略“/EDITANDCONTINUE”(由于“/SAFESEH”规范)
         HelloCpp.vcxproj -> E:\RockSky\projects\RockSky\proj.win32\Debug.win32\RockSkyGame.exe
       BscMake:
         E:\Microsoft Visual Studio 12.0\VC\bin\bscmake.exe /nologo /o"E:\RockSky\projects\RockSky\proj.win32\Debug.win32\RockSkyGame.bsc" /n Debug.win32\AppDelegate.sbr Debug.win32\HelloWorldScene.sbr Debug.win32\main.sbr
     1>已完成生成项目“E:\RockSky\projects\RockSky\proj.win32\HelloCpp.vcxproj”(Build 个目标)的操作。

生成成功。

已用时间 00:00:09.31
